[debug] [2026-04-24T16:59:05.336Z] ----------------------------------------------------------------------
[debug] [2026-04-24T16:59:05.340Z] Command:       C:\nvm4w\nodejs\node.exe C:\nvm4w\nodejs\node_modules\firebase-tools\lib\bin\firebase.js deploy
[debug] [2026-04-24T16:59:05.341Z] CLI Version:   15.15.0
[debug] [2026-04-24T16:59:05.341Z] Platform:      win32
[debug] [2026-04-24T16:59:05.341Z] Node Version:  v22.22.1
[debug] [2026-04-24T16:59:05.341Z] Time:          Fri Apr 24 2026 22:29:05 GMT+0530 (India Standard Time)
[debug] [2026-04-24T16:59:05.341Z] ----------------------------------------------------------------------
[debug] 
[debug] [2026-04-24T16:59:05.344Z] >>> [apiv2][query] GET https://firebase-public.firebaseio.com/cli.json [none]
[debug] [2026-04-24T16:59:09.908Z] > command requires scopes: ["email","openid","https://www.googleapis.com/auth/cloudplatformprojects.readonly","https://www.googleapis.com/auth/firebase","https://www.googleapis.com/auth/cloud-platform"]
[debug] [2026-04-24T16:59:09.908Z] > authorizing via signed-in user (priyadharshiniece1@gmail.com)
[debug] [2026-04-24T16:59:09.908Z] [iam] checking project maintenance-app-c20d1 for permissions ["firebase.projects.get","firebasehosting.sites.update"]
[debug] [2026-04-24T16:59:09.909Z] Checked if tokens are valid: false, expires at: 1776782841282
[debug] [2026-04-24T16:59:09.909Z] Checked if tokens are valid: false, expires at: 1776782841282
[debug] [2026-04-24T16:59:09.910Z] > refreshing access token with scopes: []
[debug] [2026-04-24T16:59:09.911Z] >>> [apiv2][query] POST https://www.googleapis.com/oauth2/v3/token [none]
[debug] [2026-04-24T16:59:09.911Z] >>> [apiv2][body] POST https://www.googleapis.com/oauth2/v3/token [omitted]
[debug] [2026-04-24T16:59:10.095Z] <<< [apiv2][status] POST https://www.googleapis.com/oauth2/v3/token 200
[debug] [2026-04-24T16:59:10.095Z] <<< [apiv2][body] POST https://www.googleapis.com/oauth2/v3/token [omitted]
[debug] [2026-04-24T16:59:10.104Z] >>> [apiv2][query] POST https://cloudresourcemanager.googleapis.com/v1/projects/maintenance-app-c20d1:testIamPermissions [none]
[debug] [2026-04-24T16:59:10.104Z] >>> [apiv2][(partial)header] POST https://cloudresourcemanager.googleapis.com/v1/projects/maintenance-app-c20d1:testIamPermissions  x-goog-user-project=maintenance-app-c20d1
[debug] [2026-04-24T16:59:10.105Z] >>> [apiv2][body] POST https://cloudresourcemanager.googleapis.com/v1/projects/maintenance-app-c20d1:testIamPermissions {"permissions":["firebase.projects.get","firebasehosting.sites.update"]}
